
=== Tue Mar  5 17:39:52 2024

Packages were changed.
Update Mode: mergeDefaultDependencies

The following packages were added:
  com.unity.modules.ai@1.0.0
  com.unity.modules.androidjni@1.0.0
  com.unity.modules.animation@1.0.0
  com.unity.modules.assetbundle@1.0.0
  com.unity.modules.audio@1.0.0
  com.unity.modules.cloth@1.0.0
  com.unity.modules.director@1.0.0
  com.unity.modules.imageconversion@1.0.0
  com.unity.modules.imgui@1.0.0
  com.unity.modules.jsonserialize@1.0.0
  com.unity.modules.particlesystem@1.0.0
  com.unity.modules.physics@1.0.0
  com.unity.modules.physics2d@1.0.0
  com.unity.modules.screencapture@1.0.0
  com.unity.modules.terrain@1.0.0
  com.unity.modules.terrainphysics@1.0.0
  com.unity.modules.tilemap@1.0.0
  com.unity.modules.ui@1.0.0
  com.unity.modules.uielements@1.0.0
  com.unity.modules.umbra@1.0.0
  com.unity.modules.unityanalytics@1.0.0
  com.unity.modules.unitywebrequest@1.0.0
  com.unity.modules.unitywebrequestassetbundle@1.0.0
  com.unity.modules.unitywebrequestaudio@1.0.0
  com.unity.modules.unitywebrequesttexture@1.0.0
  com.unity.modules.unitywebrequestwww@1.0.0
  com.unity.modules.vehicles@1.0.0
  com.unity.modules.video@1.0.0
  com.unity.modules.vr@1.0.0
  com.unity.modules.wind@1.0.0
  com.unity.modules.xr@1.0.0
The following packages were updated:
  com.unity.collab-proxy from version 1.13.5 to 2.2.0
  com.unity.timeline from version 1.6.2 to 1.7.6
  com.unity.visualscripting from version 1.7.6 to 1.9.1

=== Mon Apr  8 20:35:35 2024

Packages were changed.
Update Mode: updateDependencies

The following packages were updated:
  com.unity.visualscripting from version 1.9.1 to 1.9.2

=== Tue Apr 16 16:28:01 2024

Packages were changed.
Update Mode: updateDependencies

The following packages were updated:
  com.unity.inputsystem from version 1.4.4 to 1.7.0
  com.unity.render-pipelines.universal from version 12.1.6 to 12.1.14

=== Tue Apr 16 16:28:01 2024

Packages were changed.
Update Mode: mergeDefaultDependencies

The following packages were added:
  com.unity.cinemachine@2.8.9
  com.unity.render-pipelines.universal@12.1.14

=== Tue May  7 15:57:57 2024

Packages were changed.
Update Mode: updateDependencies

The following packages were updated:
  com.unity.postprocessing from version 3.2.2 to 3.4.0

=== Tue May  7 15:57:57 2024

Packages were changed.
Update Mode: mergeDefaultDependencies

The following packages were added:
  com.unity.postprocessing@3.4.0

=== Tue Jun 11 12:19:49 2024

Packages were changed.
Update Mode: updateDependencies

The following packages were updated:
  com.unity.ai.navigation from version 1.0.0-exp.4 to 1.1.5
  com.unity.cinemachine from version 2.8.9 to 2.9.5
  com.unity.render-pipelines.universal from version 12.1.14 to 14.0.10
